0 info it worked if it ends with ok
1 verbose cli [ 'C:\\Program Files (x86)\\nodejs\\node.exe',
1 verbose cli   'C:\\Program Files (x86)\\nodejs\\node_modules\\npm\\bin\\npm-cli.js',
1 verbose cli   'run',
1 verbose cli   'watch' ]
2 info using npm@3.10.10
3 info using node@v6.10.3
4 verbose run-script [ 'prewatch', 'watch', 'postwatch' ]
5 info lifecycle natdud@1.0.0~prewatch: natdud@1.0.0
6 silly lifecycle natdud@1.0.0~prewatch: no script for prewatch, continuing
7 info lifecycle natdud@1.0.0~watch: natdud@1.0.0
8 verbose lifecycle natdud@1.0.0~watch: unsafe-perm in lifecycle true
9 verbose lifecycle natdud@1.0.0~watch: PATH: C:\Program Files (x86)\nodejs\node_modules\npm\bin\node-gyp-bin;C:\Users\LeePa\Documents\FOURTH YEAR UNI\CS408 - Individual Project\natdud\node_modules\.bin;C:\OCaml\bin;C:\Program Files (x86)\NVIDIA Corporation\PhysX\Common;C:\ProgramData\Oracle\Java\javapath;C:\WINDOWS\system32;C:\WINDOWS;C:\WINDOWS\System32\Wbem;C:\WINDOWS\System32\WindowsPowerShell\v1.0\;C:\Program Files\Intel\WiFi\bin\;C:\Program Files\Common Files\Intel\WirelessCommon\;C:\Program Files\Microsoft SQL Server\120\Tools\Binn\;C:\Program Files\Microsoft SQL Server\130\Tools\Binn\;C:\Program Files\Git\cmd;C:\Program Files (x86)\Windows Kits\10\Windows Performance Toolkit\;C:\WINDOWS\system32\config\systemprofile\.dnx\bin;C:\Program Files\Microsoft DNX\Dnvm\;C:\Program Files (x86)\GtkSharp\2.12\bin;C:\Program Files (x86)\nodejs\;C:\Program Files\Git LFS;C:\Program Files (x86)\Skype\Phone\;C:\ProgramData\ComposerSetup\bin;C:\Users\LeePa\AppData\Roaming\OCamlPro\OCPWin\wrappers;C:\Users\LeePa\AppData\Roaming\OCamlPro\OCPWin\4.01.0+ocp1-full-mingw64-20160113\bin;C:\Users\LeePa\AppData\Local\Microsoft\WindowsApps;C:\Program Files\Intel\WiFi\bin\;C:\Program Files\Common Files\Intel\WirelessCommon\;C:\Users\LeePa\AppData\Local\Coral Poker\data\QT;C:\Users\LeePa\AppData\Local\Coral Poker\data\OpenSSL;C:\Users\LeePa\AppData\Roaming\npm;C:\php\;C:\Users\LeePa\AppData\Local\atom\bin;C:\Users\LeePa\AppData\Roaming\Composer\vendor\bin;C:\wamp64\www\nd\phantomjs\bin;C:\cygwin64\bin\mintty.exe;C:\OCaml\bin;;%USERPROFILE%\AppData\Local\Microsoft\WindowsApps
10 verbose lifecycle natdud@1.0.0~watch: CWD: C:\Users\LeePa\Documents\FOURTH YEAR UNI\CS408 - Individual Project\natdud
11 silly lifecycle natdud@1.0.0~watch: Args: [ '/d /s /c', 'watchify js/proofInput.js -o js/proofEngine.js' ]
12 verbose stack Error: kill ENOSYS
12 verbose stack     at exports._errnoException (util.js:1018:11)
12 verbose stack     at process.kill (internal/process.js:190:13)
12 verbose stack     at process.listener (C:\Program Files (x86)\nodejs\node_modules\npm\node_modules\npmlog\node_modules\gauge\node_modules\signal-exit\index.js:86:15)
12 verbose stack     at emitNone (events.js:91:20)
12 verbose stack     at process.emit (events.js:185:7)
12 verbose stack     at processEmit (C:\Program Files (x86)\nodejs\node_modules\npm\node_modules\npmlog\node_modules\gauge\node_modules\signal-exit\index.js:146:32)
12 verbose stack     at processEmit (C:\Program Files (x86)\nodejs\node_modules\npm\node_modules\npm-registry-client\node_modules\npmlog\node_modules\gauge\node_modules\signal-exit\index.js:146:32)
12 verbose stack     at Signal.wrap.onsignal (internal/process.js:217:44)
13 verbose cwd C:\Users\LeePa\Documents\FOURTH YEAR UNI\CS408 - Individual Project\natdud
14 error Windows_NT 10.0.16299
15 error argv "C:\\Program Files (x86)\\nodejs\\node.exe" "C:\\Program Files (x86)\\nodejs\\node_modules\\npm\\bin\\npm-cli.js" "run" "watch"
16 error node v6.10.3
17 error npm  v3.10.10
18 error code ENOSYS
19 error errno ENOSYS
20 error syscall kill
21 error kill ENOSYS
22 error If you need help, you may report this error at:
22 error     <https://github.com/npm/npm/issues>
23 verbose exit [ 1, true ]
